Determining if the pthread_create exist failed with the following output:
Change Dir: /home/bender/Downloads/BenderVectorControl-master/build/CMakeFiles/CMakeTmp

Run Build Command:"/usr/bin/make" "cmTC_834ad/fast"
/usr/bin/make -f CMakeFiles/cmTC_834ad.dir/build.make CMakeFiles/cmTC_834ad.dir/build
make[1]: Entering directory '/home/bender/Downloads/BenderVectorControl-master/build/CMakeFiles/CMakeTmp'
Building C object CMakeFiles/cmTC_834ad.dir/CheckSymbolExists.c.o
/usr/bin/cc     -o CMakeFiles/cmTC_834ad.dir/CheckSymbolExists.c.o   -c /home/bender/Downloads/BenderVectorControl-master/build/CMakeFiles/CMakeTmp/CheckSymbolExists.c
Linking C executable cmTC_834ad
/usr/bin/cmake -E cmake_link_script CMakeFiles/cmTC_834ad.dir/link.txt --verbose=1
/usr/bin/cc       CMakeFiles/cmTC_834ad.dir/CheckSymbolExists.c.o  -o cmTC_834ad -rdynamic 
CMakeFiles/cmTC_834ad.dir/CheckSymbolExists.c.o: In function `main':
CheckSymbolExists.c:(.text+0x16): undefined reference to `pthread_create'
collect2: error: ld returned 1 exit status
CMakeFiles/cmTC_834ad.dir/build.make:97: recipe for target 'cmTC_834ad' failed
make[1]: *** [cmTC_834ad] Error 1
make[1]: Leaving directory '/home/bender/Downloads/BenderVectorControl-master/build/CMakeFiles/CMakeTmp'
Makefile:126: recipe for target 'cmTC_834ad/fast' failed
make: *** [cmTC_834ad/fast] Error 2

File /home/bender/Downloads/BenderVectorControl-master/build/CMakeFiles/CMakeTmp/CheckSymbolExists.c:
/* */
#include <pthread.h>

int main(int argc, char** argv)
{
  (void)argv;
#ifndef pthread_create
  return ((int*)(&pthread_create))[argc];
#else
  (void)argc;
  return 0;
#endif
}

Determining if the function pthread_create exists in the pthreads failed with the following output:
Change Dir: /home/bender/Downloads/BenderVectorControl-master/build/CMakeFiles/CMakeTmp

Run Build Command:"/usr/bin/make" "cmTC_37935/fast"
/usr/bin/make -f CMakeFiles/cmTC_37935.dir/build.make CMakeFiles/cmTC_37935.dir/build
make[1]: Entering directory '/home/bender/Downloads/BenderVectorControl-master/build/CMakeFiles/CMakeTmp'
Building C object CMakeFiles/cmTC_37935.dir/CheckFunctionExists.c.o
/usr/bin/cc    -DCHECK_FUNCTION_EXISTS=pthread_create   -o CMakeFiles/cmTC_37935.dir/CheckFunctionExists.c.o   -c /usr/share/cmake-3.5/Modules/CheckFunctionExists.c
Linking C executable cmTC_37935
/usr/bin/cmake -E cmake_link_script CMakeFiles/cmTC_37935.dir/link.txt --verbose=1
/usr/bin/cc   -DCHECK_FUNCTION_EXISTS=pthread_create    CMakeFiles/cmTC_37935.dir/CheckFunctionExists.c.o  -o cmTC_37935 -rdynamic -lpthreads 
/usr/bin/ld: cannot find -lpthreads
collect2: error: ld returned 1 exit status
CMakeFiles/cmTC_37935.dir/build.make:97: recipe for target 'cmTC_37935' failed
make[1]: *** [cmTC_37935] Error 1
make[1]: Leaving directory '/home/bender/Downloads/BenderVectorControl-master/build/CMakeFiles/CMakeTmp'
Makefile:126: recipe for target 'cmTC_37935/fast' failed
make: *** [cmTC_37935/fast] Error 2


